<?xml version="1.0" encoding="UTF-8"?>
<!-- Generated by org.testng.reporters.JUnitReportReporter -->
<testsuite skipped="0" hostname="Siddhi-Lap" name="sid.selenium.assignment.Fourth_eBayProductSearch" tests="1" failures="0" timestamp="07 May 2020 08:56:57 GMT" time="27.041" errors="0">
  <testcase name="ebaySearch" time="27.041" classname="sid.selenium.assignment.Fourth_eBayProductSearch"/>
</testsuite> <!-- sid.selenium.assignment.Fourth_eBayProductSearch -->
