<?xml version="1.0" encoding="UTF-8"?>
<!-- Generated by org.testng.reporters.JUnitReportReporter -->
<testsuite skipped="0" hostname="Siddhi-Lap" name="sid.selenium.assignment.Fifth_SnapdealLogin" tests="1" failures="0" timestamp="07 May 2020 10:53:11 GMT" time="35.432" errors="0">
  <testcase name="snapdealLogin" time="35.432" classname="sid.selenium.assignment.Fifth_SnapdealLogin"/>
</testsuite> <!-- sid.selenium.assignment.Fifth_SnapdealLogin -->
