<?xml version="1.0" encoding="UTF-8"?>
<!-- Generated by org.testng.reporters.JUnitReportReporter -->
<testsuite skipped="0" hostname="Siddhi-Lap" name="sid.selenium.assignment.Sixth_DragDrop" tests="1" failures="0" timestamp="07 May 2020 13:09:10 GMT" time="14.683" errors="0">
  <testcase name="dragDrop" time="14.683" classname="sid.selenium.assignment.Sixth_DragDrop"/>
</testsuite> <!-- sid.selenium.assignment.Sixth_DragDrop -->
