<?xml version="1.0" encoding="UTF-8"?>
<!-- Generated by org.testng.reporters.JUnitReportReporter -->
<testsuite skipped="0" hostname="Siddhi-Lap" name="sid.selenium.assignment.Second_FacebookSignup" tests="1" failures="0" timestamp="07 May 2020 08:14:00 GMT" time="25.040" errors="0">
  <testcase name="signup" time="25.040" classname="sid.selenium.assignment.Second_FacebookSignup"/>
</testsuite> <!-- sid.selenium.assignment.Second_FacebookSignup -->
