<?xml version="1.0" encoding="UTF-8"?>
<!-- Generated by org.testng.reporters.JUnitReportReporter -->
<testsuite skipped="0" hostname="Siddhi-Lap" name="sid.selenium.assignment.Third_LinksCheck" tests="1" failures="0" timestamp="07 May 2020 08:28:40 GMT" time="45.239" errors="0">
  <testcase name="linksCheck" time="45.239" classname="sid.selenium.assignment.Third_LinksCheck"/>
</testsuite> <!-- sid.selenium.assignment.Third_LinksCheck -->
